<?xml version="1.0" encoding="UTF-8"?>
<!-- Generated by org.testng.reporters.JUnitXMLReporter -->
<testsuite ignored="12" hostname="LTIN186030" failures="0" tests="18" name="Edge Test" time="23.32" errors="0" timestamp="2024-02-29T12:42:39 IST">
  <testcase classname="testBase.TestBase" name="@BeforeTest setup" time="23.148">
    <failure type="org.openqa.selenium.NoSuchWindowException" message="no such window: target window already closed
from unknown error: web view not found
  (Session info: MicrosoftEdge=122.0.2365.52)
Build info: version: &amp;apos;4.15.0&amp;apos;, revision: &amp;apos;1d14b5521b&amp;apos;
System info: os.name: &amp;apos;Windows 11&amp;apos;, os.arch: &amp;apos;amd64&amp;apos;, os.version: &amp;apos;10.0&amp;apos;, java.version: &amp;apos;17.0.2&amp;apos;
Driver info: org.openqa.selenium.edge.EdgeDriver
Command: [02f325c7b6124fc532c4536adb6dd859, maximizeCurrentWindow {}]
Capabilities {acceptInsecureCerts: false, browserName: MicrosoftEdge, browserVersion: 122.0.2365.52, fedcm:accounts: true, ms:edgeOptions: {debuggerAddress: localhost:54296}, msedge: {msedgedriverVersion: 122.0.2365.59 (80152817b23f..., userDataDir: C:\Windows\SystemTemp\scope...}, networkConnectionEnabled: false, pageLoadStrategy: normal, platformName: windows, proxy: Proxy(), se:cdp: ws://localhost:54296/devtoo..., se:cdpVersion: 122.0.2365.52, setWindowRect: true, strictFileInteractability: false, timeouts: {implicit: 0, pageLoad: 300000, script: 30000}, unhandledPromptBehavior: dismiss and notify, webauthn:extension:credBlob: true, webauthn:extension:largeBlob: true, webauthn:extension:minPinLength: true, webauthn:extension:prf: true, webauthn:virtualAuthenticators: true}
Session ID: 02f325c7b6124fc532c4536adb6dd859">
      <![CDATA[org.openqa.selenium.NoSuchWindowException: no such window: target window already closed
from unknown error: web view not found
  (Session info: MicrosoftEdge=122.0.2365.52)
Build info: version: '4.15.0', revision: '1d14b5521b'
System info: os.name: 'Windows 11', os.arch: 'amd64', os.version: '10.0', java.version: '17.0.2'
Driver info: org.openqa.selenium.edge.EdgeDriver
Command: [02f325c7b6124fc532c4536adb6dd859, maximizeCurrentWindow {}]
Capabilities {acceptInsecureCerts: false, browserName: MicrosoftEdge, browserVersion: 122.0.2365.52, fedcm:accounts: true, ms:edgeOptions: {debuggerAddress: localhost:54296}, msedge: {msedgedriverVersion: 122.0.2365.59 (80152817b23f..., userDataDir: C:\Windows\SystemTemp\scope...}, networkConnectionEnabled: false, pageLoadStrategy: normal, platformName: windows, proxy: Proxy(), se:cdp: ws://localhost:54296/devtoo..., se:cdpVersion: 122.0.2365.52, setWindowRect: true, strictFileInteractability: false, timeouts: {implicit: 0, pageLoad: 300000, script: 30000}, unhandledPromptBehavior: dismiss and notify, webauthn:extension:credBlob: true, webauthn:extension:largeBlob: true, webauthn:extension:minPinLength: true, webauthn:extension:prf: true, webauthn:virtualAuthenticators: true}
Session ID: 02f325c7b6124fc532c4536adb6dd859
at org.openqa.selenium.remote.codec.w3c.W3CHttpResponseCodec.createException(W3CHttpResponseCodec.java:200)
at org.openqa.selenium.remote.codec.w3c.W3CHttpResponseCodec.decode(W3CHttpResponseCodec.java:133)
at org.openqa.selenium.remote.codec.w3c.W3CHttpResponseCodec.decode(W3CHttpResponseCodec.java:52)
at org.openqa.selenium.remote.HttpCommandExecutor.execute(HttpCommandExecutor.java:191)
at org.openqa.selenium.remote.service.DriverCommandExecutor.invokeExecute(DriverCommandExecutor.java:200)
at org.openqa.selenium.remote.service.DriverCommandExecutor.execute(DriverCommandExecutor.java:175)
at org.openqa.selenium.remote.RemoteWebDriver.execute(RemoteWebDriver.java:607)
at org.openqa.selenium.remote.RemoteWebDriver.execute(RemoteWebDriver.java:680)
at org.openqa.selenium.remote.RemoteWebDriver.execute(RemoteWebDriver.java:684)
at org.openqa.selenium.remote.RemoteWebDriver$RemoteWebDriverOptions$RemoteWindow.maximize(RemoteWebDriver.java:1123)
at testBase.TestBase.setup(TestBase.java:28)
... Removed 29 stack frames]]>
    </failure>
  </testcase> <!-- @BeforeTest setup -->
  <testcase classname="testBase.TestBase" name="@AfterTest closeBrowser" time="-1.709190759739E9">
    <skipped/>
  </testcase> <!-- @AfterTest closeBrowser -->
  <testcase classname="testCases.TC_01_itemToBeSearched" name="openBrowser" time="0.0">
    <skipped/>
  </testcase> <!-- openBrowser -->
  <testcase classname="testCases.TC_01_itemToBeSearched" name="getItemName" time="0.0">
    <skipped/>
  </testcase> <!-- getItemName -->
  <testcase classname="testCases.TC_01_itemToBeSearched" name="closePopUp" time="0.0">
    <skipped/>
  </testcase> <!-- closePopUp -->
  <testcase classname="testCases.TC_02_conditions" name="select_the_price_range_below_fifteen_thousand" time="0.0">
    <skipped/>
  </testcase> <!-- select_the_price_range_below_fifteen_thousand -->
  <testcase classname="testCases.TC_02_conditions" name="chooses_the_category_kid_bookshelves" time="0.0">
    <skipped/>
  </testcase> <!-- chooses_the_category_kid_bookshelves -->
  <testcase classname="testCases.TC_02_conditions" name="exclude_out_of_stock" time="0.0">
    <skipped/>
  </testcase> <!-- exclude_out_of_stock -->
  <testcase classname="testCases.TC_02_conditions" name="sorts_by_price_high_to_low" time="0.0">
    <skipped/>
  </testcase> <!-- sorts_by_price_high_to_low -->
  <testcase classname="testCases.TC_03_getItems" name="fetch_the_top_three_items_print_all_details_in_console_output" time="0.0">
    <skipped/>
  </testcase> <!-- fetch_the_top_three_items_print_all_details_in_console_output -->
  <testcase classname="testCases.TC_04_living" name="user_clicks_on_the_living_menu" time="0.0">
    <skipped/>
  </testcase> <!-- user_clicks_on_the_living_menu -->
  <testcase classname="testCases.TC_04_living" name="retrieve_all_items_under_living_storage_sub_menu_and_print_the_same_on_the_console" time="0.0">
    <skipped/>
  </testcase> <!-- retrieve_all_items_under_living_storage_sub_menu_and_print_the_same_on_the_console -->
  <testcase classname="testCases.TC_05_giftCard" name="user_clicks_on_gift_cards" time="0.0">
    <skipped/>
  </testcase> <!-- user_clicks_on_gift_cards -->
  <testcase classname="testCases.TC_05_giftCard" name="chooses_birthday_or_anniversary" time="0.0">
    <skipped/>
  </testcase> <!-- chooses_birthday_or_anniversary -->
  <testcase classname="testCases.TC_05_giftCard" name="enters_the_valid_amount_month_and_date" time="0.0">
    <skipped/>
  </testcase> <!-- enters_the_valid_amount_month_and_date -->
  <testcase classname="testCases.TC_05_giftCard" name="clicks_on_the_next_button" time="0.0">
    <skipped/>
  </testcase> <!-- clicks_on_the_next_button -->
  <testcase classname="testCases.TC_05_giftCard" name="fills_to_from_details" time="0.0">
    <skipped/>
  </testcase> <!-- fills_to_from_details -->
  <testcase classname="testCases.TC_06_validation" name="validate_the_email_id" time="0.0">
    <skipped/>
  </testcase> <!-- validate_the_email_id -->
  <testcase classname="testCases.TC_06_validation" name="the_id_is_not_valid_and_user_gives_correct_email_id" time="0.0">
    <skipped/>
  </testcase> <!-- the_id_is_not_valid_and_user_gives_correct_email_id -->
  <testcase classname="testCases.TC_07_confirmDetails" name="confirm_the_details_in_confirm_details_section" time="0.0">
    <skipped/>
  </testcase> <!-- confirm_the_details_in_confirm_details_section -->
  <testcase classname="testBase.TestBase" name="@BeforeTest setup" time="0.0">
    <ignored/>
  </testcase> <!-- @BeforeTest setup -->
  <testcase classname="testBase.TestBase" name="@BeforeTest setup" time="0.0">
    <ignored/>
  </testcase> <!-- @BeforeTest setup -->
  <testcase classname="testBase.TestBase" name="@BeforeTest setup" time="0.0">
    <ignored/>
  </testcase> <!-- @BeforeTest setup -->
  <testcase classname="testBase.TestBase" name="@BeforeTest setup" time="0.0">
    <ignored/>
  </testcase> <!-- @BeforeTest setup -->
  <testcase classname="testBase.TestBase" name="@BeforeTest setup" time="0.0">
    <ignored/>
  </testcase> <!-- @BeforeTest setup -->
  <testcase classname="testBase.TestBase" name="@BeforeTest setup" time="0.0">
    <ignored/>
  </testcase> <!-- @BeforeTest setup -->
  <testcase classname="testBase.TestBase" name="@AfterTest closeBrowser" time="0.0">
    <ignored/>
  </testcase> <!-- @AfterTest closeBrowser -->
  <testcase classname="testBase.TestBase" name="@AfterTest closeBrowser" time="0.0">
    <ignored/>
  </testcase> <!-- @AfterTest closeBrowser -->
  <testcase classname="testBase.TestBase" name="@AfterTest closeBrowser" time="0.0">
    <ignored/>
  </testcase> <!-- @AfterTest closeBrowser -->
  <testcase classname="testBase.TestBase" name="@AfterTest closeBrowser" time="0.0">
    <ignored/>
  </testcase> <!-- @AfterTest closeBrowser -->
  <testcase classname="testBase.TestBase" name="@AfterTest closeBrowser" time="0.0">
    <ignored/>
  </testcase> <!-- @AfterTest closeBrowser -->
  <testcase classname="testBase.TestBase" name="@AfterTest closeBrowser" time="0.0">
    <ignored/>
  </testcase> <!-- @AfterTest closeBrowser -->
</testsuite> <!-- Edge Test -->
